<<<<<<< HEAD
<<<<<<< Updated upstream
﻿  KinnikurouJab.cpp
  Kinnikurou.cpp
  MoveTypeBase.cpp
  ElfAttackArrowChargeShot.cpp
  ElfAttackArrowPunch.cpp
  ElfAttackArrowShot.cpp
  Elf.cpp
C:\Users\fko2247099\Desktop\ProjectK\Project_K\Object\Player\elf\Elf.cpp(55,26): warning C4244: '=': 'float' から 'int' への変換です。データが失われる可能性があります。
C:\Users\fko2247099\Desktop\ProjectK\Project_K\Object\Player\elf\Elf.cpp(56,26): warning C4244: '=': 'float' から 'int' への変換です。データが失われる可能性があります。
  main.cpp
  PlayerBase.cpp
  ElfIdol.cpp
  KinnnikuIdle.cpp
  SceneBase.cpp
  SceneCharacterSelect.cpp
  SceneMain.cpp
C:\Users\fko2247099\Desktop\ProjectK\Project_K\Scene\SceneMain.cpp(193,50): warning C4305: '引数': 'double' から 'float' へ切り詰めます。
C:\Users\fko2247099\Desktop\ProjectK\Project_K\Scene\SceneMain.cpp(191,49): warning C4244: '引数': 'float' から 'int' への変換です。データが失われる可能性があります。
C:\Users\fko2247099\Desktop\ProjectK\Project_K\Scene\SceneMain.cpp(191,36): warning C4244: '引数': 'float' から 'int' への変換です。データが失われる可能性があります。
  SceneManager.cpp
  SceneMapSelect.cpp
  SceneResult.cpp
  SceneTitle.cpp
  Stage.cpp
  DrawFunctions.cpp
  コードを生成中...
  コンパイル中...
  Pad.cpp
  Vec2.cpp
  Witch.cpp
  WitchShot.cpp
  コードを生成中...
  Project_K.vcxproj -> C:\Users\fko2247099\Desktop\ProjectK\Project_K\x64\Debug\Project_K.exe
=======
﻿DinosaurAttackBite.obj : error LNK2019: 未解決の外部シンボル "public: virtual __cdecl DinosaurAttackBase::~DinosaurAttackBase(void)" (??1DinosaurAttackBase@@UEAA@XZ) が関数 "public: virtual __cdecl DinosaurAttackBite::~DinosaurAttackBite(void)" (??1DinosaurAttackBite@@UEAA@XZ) で参照されました
DinosaurAttackPounce.obj : error LNK2001: 外部シンボル "public: virtual __cdecl DinosaurAttackBase::~DinosaurAttackBase(void)" (??1DinosaurAttackBase@@UEAA@XZ) は未解決です
DinosaurAttackScratch.obj : error LNK2001: 外部シンボル "public: virtual __cdecl DinosaurAttackBase::~DinosaurAttackBase(void)" (??1DinosaurAttackBase@@UEAA@XZ) は未解決です
DinosaurAttackShot.obj : error LNK2001: 外部シンボル "public: virtual __cdecl DinosaurAttackBase::~DinosaurAttackBase(void)" (??1DinosaurAttackBase@@UEAA@XZ) は未解決です
E:\ProjectK\Project_K\x64\Debug\Project_K.exe : fatal error LNK1120: 1 件の未解決の外部参照
>>>>>>> Stashed changes
=======
﻿  Witch.cpp
  Project_K.vcxproj -> C:\Users\fko2247078\Desktop\ProjectK\Project_K\x64\Debug\Project_K.exe
>>>>>>> parent of 6972755 (エラー消去)
