c:\users\fko2247099\desktop\projectk\project_k\x64\debug\drawfunctions.obj
c:\users\fko2247099\desktop\projectk\project_k\x64\debug\elf.obj
c:\users\fko2247099\desktop\projectk\project_k\x64\debug\elfattackarrowchargeshot.obj
c:\users\fko2247099\desktop\projectk\project_k\x64\debug\elfattackarrowpunch.obj
c:\users\fko2247099\desktop\projectk\project_k\x64\debug\elfattackarrowshot.obj
c:\users\fko2247099\desktop\projectk\project_k\x64\debug\elfidol.obj
c:\users\fko2247099\desktop\projectk\project_k\x64\debug\kinnikuroujab.obj
c:\users\fko2247099\desktop\projectk\project_k\x64\debug\kinnnikuidle.obj
c:\users\fko2247099\desktop\projectk\project_k\x64\debug\main.obj
c:\users\fko2247099\desktop\projectk\project_k\x64\debug\movetypebase.obj
c:\users\fko2247099\desktop\projectk\project_k\x64\debug\pad.obj
c:\users\fko2247099\desktop\projectk\project_k\x64\debug\playerbase.obj
c:\users\fko2247099\desktop\projectk\project_k\x64\debug\scenebase.obj
c:\users\fko2247099\desktop\projectk\project_k\x64\debug\scenecharacterselect.obj
c:\users\fko2247099\desktop\projectk\project_k\x64\debug\scenemain.obj
c:\users\fko2247099\desktop\projectk\project_k\x64\debug\scenemanager.obj
c:\users\fko2247099\desktop\projectk\project_k\x64\debug\scenemapselect.obj
c:\users\fko2247099\desktop\projectk\project_k\x64\debug\sceneresult.obj
c:\users\fko2247099\desktop\projectk\project_k\x64\debug\scenetitle.obj
c:\users\fko2247099\desktop\projectk\project_k\x64\debug\stage.obj
c:\users\fko2247099\desktop\projectk\project_k\x64\debug\vec2.obj
c:\users\fko2247099\desktop\projectk\project_k\x64\debug\witch.obj
c:\users\fko2247099\desktop\projectk\project_k\x64\debug\witchshot.obj
c:\users\fko2247099\desktop\projectk\project_k\x64\debug\vc143.idb
c:\users\fko2247099\desktop\projectk\project_k\x64\debug\vc143.pdb
c:\users\fko2247099\desktop\projectk\project_k\x64\debug\project_k.tlog\cl.command.1.tlog
